<?xml version="1.0" encoding="UTF-8"?>
<testsuite name="gradle.AppTest" tests="6" skipped="0" failures="0" errors="0" timestamp="2024-02-23T17:51:32" hostname="DESKTOP-IOFS6O2" time="0.02">
  <properties/>
  <testcase name="appArraysumarElements()" classname="gradle.AppTest" time="0.012"/>
  <testcase name="appArraycontar()" classname="gradle.AppTest" time="0.001"/>
  <testcase name="appArrayRetornaDarrer()" classname="gradle.AppTest" time="0.001"/>
  <testcase name="appArrayRetornaPrimer()" classname="gradle.AppTest" time="0.001"/>
  <testcase name="appArrayRetornaTercer()" classname="gradle.AppTest" time="0.001"/>
  <testcase name="appArraymitjanaElements()" classname="gradle.AppTest" time="0.003"/>
  <system-out><![CDATA[]]></system-out>
  <system-err><![CDATA[]]></system-err>
</testsuite>
